2015-12-27 23:40:06,521 DEBUG  [sqlonly]  com.mchange.v2.c3p0.impl.NewProxyPreparedStatement.executeQuery(NewProxyPreparedStatement.java:116)
1. select this_.id as id1_7_0_, this_.version as version2_7_0_, this_.list_order as list_ord3_7_0_, 
this_.name as name4_7_0_, this_.description as descript5_7_0_ from contact_status this_ order 
by this_.list_order asc  
2015-12-27 23:40:06,602 DEBUG  [sqlonly]  com.mchange.v2.c3p0.impl.NewProxyPreparedStatement.executeUpdate(NewProxyPreparedStatement.java:147)
1. insert into contact_status (version, list_order, name, description) values (0, 2, 'read', 'The 
contact message has been read.')  
2015-12-27 23:40:06,609 DEBUG  [sqlonly]  com.mchange.v2.c3p0.impl.NewProxyPreparedStatement.executeUpdate(NewProxyPreparedStatement.java:147)
1. insert into contact_status (version, list_order, name, description) values (0, 1, 'received', 
'The contact message has been received.')  
2015-12-27 23:40:06,643 DEBUG  [sqlonly]  com.mchange.v2.c3p0.impl.NewProxyPreparedStatement.executeUpdate(NewProxyPreparedStatement.java:147)
1. insert into contact_status (version, list_order, name, description) values (0, 2, 'read', 'The 
contact message has been read.')  
2015-12-27 23:40:06,653 DEBUG  [sqlonly]  com.mchange.v2.c3p0.impl.NewProxyPreparedStatement.executeUpdate(NewProxyPreparedStatement.java:147)
1. insert into contact_status (version, list_order, name, description) values (0, 1, 'received', 
'The contact message has been received.')  
2015-12-27 23:40:06,660 DEBUG  [sqlonly]  com.mchange.v2.c3p0.impl.NewProxyPreparedStatement.executeQuery(NewProxyPreparedStatement.java:116)
1. select this_.id as id1_7_0_, this_.version as version2_7_0_, this_.list_order as list_ord3_7_0_, 
this_.name as name4_7_0_, this_.description as descript5_7_0_ from contact_status this_ order 
by this_.list_order asc limit 1  
2015-12-27 23:40:06,688 DEBUG  [sqlonly]  com.mchange.v2.c3p0.impl.NewProxyPreparedStatement.executeUpdate(NewProxyPreparedStatement.java:147)
1. insert into contact_status (version, list_order, name, description) values (0, 2, 'read', 'The 
contact message has been read.')  
2015-12-27 23:40:06,696 DEBUG  [sqlonly]  com.mchange.v2.c3p0.impl.NewProxyPreparedStatement.executeUpdate(NewProxyPreparedStatement.java:147)
1. insert into contact_status (version, list_order, name, description) values (0, 1, 'received', 
'The contact message has been received.')  
2015-12-27 23:40:06,704 DEBUG  [sqlonly]  com.mchange.v2.c3p0.impl.NewProxyPreparedStatement.executeQuery(NewProxyPreparedStatement.java:116)
1. select this_.id as id1_7_0_, this_.version as version2_7_0_, this_.list_order as list_ord3_7_0_, 
this_.name as name4_7_0_, this_.description as descript5_7_0_ from contact_status this_ where 
this_.list_order>0 order by this_.list_order asc limit 1  
2015-12-27 23:40:06,711 DEBUG  [sqlonly]  com.mchange.v2.c3p0.impl.NewProxyPreparedStatement.executeQuery(NewProxyPreparedStatement.java:116)
1. select this_.id as id1_7_0_, this_.version as version2_7_0_, this_.list_order as list_ord3_7_0_, 
this_.name as name4_7_0_, this_.description as descript5_7_0_ from contact_status this_ where 
this_.list_order>1 order by this_.list_order asc limit 1  
2015-12-27 23:40:06,754 DEBUG  [sqlonly]  com.mchange.v2.c3p0.impl.NewProxyPreparedStatement.executeUpdate(NewProxyPreparedStatement.java:147)
1. insert into contact_status (version, list_order, name, description) values (0, 2, 'read', 'The 
contact message has been read.')  
2015-12-27 23:40:06,761 DEBUG  [sqlonly]  com.mchange.v2.c3p0.impl.NewProxyPreparedStatement.executeUpdate(NewProxyPreparedStatement.java:147)
1. insert into contact_status (version, list_order, name, description) values (0, 1, 'received', 
'The contact message has been received.')  
2015-12-27 23:40:06,769 DEBUG  [sqlonly]  com.mchange.v2.c3p0.impl.NewProxyPreparedStatement.executeQuery(NewProxyPreparedStatement.java:116)
1. select this_.id as id1_7_0_, this_.version as version2_7_0_, this_.list_order as list_ord3_7_0_, 
this_.name as name4_7_0_, this_.description as descript5_7_0_ from contact_status this_ where 
this_.list_order<2 order by this_.list_order desc limit 1  
2015-12-27 23:40:06,777 DEBUG  [sqlonly]  com.mchange.v2.c3p0.impl.NewProxyPreparedStatement.executeQuery(NewProxyPreparedStatement.java:116)
1. select this_.id as id1_7_0_, this_.version as version2_7_0_, this_.list_order as list_ord3_7_0_, 
this_.name as name4_7_0_, this_.description as descript5_7_0_ from contact_status this_ where 
this_.list_order<3 order by this_.list_order desc limit 1  
2015-12-27 23:40:06,804 DEBUG  [sqlonly]  com.mchange.v2.c3p0.impl.NewProxyPreparedStatement.executeUpdate(NewProxyPreparedStatement.java:147)
1. insert into contact_status (version, list_order, name, description) values (0, 2, 'read', 'The 
contact message has been read.')  
2015-12-27 23:40:06,811 DEBUG  [sqlonly]  com.mchange.v2.c3p0.impl.NewProxyPreparedStatement.executeUpdate(NewProxyPreparedStatement.java:147)
1. insert into contact_status (version, list_order, name, description) values (0, 1, 'received', 
'The contact message has been received.')  
2015-12-27 23:40:06,817 DEBUG  [sqlonly]  com.mchange.v2.c3p0.impl.NewProxyPreparedStatement.executeQuery(NewProxyPreparedStatement.java:116)
1. select this_.id as id1_7_0_, this_.version as version2_7_0_, this_.list_order as list_ord3_7_0_, 
this_.name as name4_7_0_, this_.description as descript5_7_0_ from contact_status this_ order 
by this_.id asc  
2015-12-27 23:40:06,844 DEBUG  [sqlonly]  com.mchange.v2.c3p0.impl.NewProxyPreparedStatement.executeUpdate(NewProxyPreparedStatement.java:147)
1. insert into contact_status (version, list_order, name, description) values (0, 2, 'read', 'The 
contact message has been read.')  
2015-12-27 23:40:06,851 DEBUG  [sqlonly]  com.mchange.v2.c3p0.impl.NewProxyPreparedStatement.executeUpdate(NewProxyPreparedStatement.java:147)
1. insert into contact_status (version, list_order, name, description) values (0, 1, 'received', 
'The contact message has been received.')  
2015-12-27 23:40:06,857 DEBUG  [sqlonly]  com.mchange.v2.c3p0.impl.NewProxyPreparedStatement.executeQuery(NewProxyPreparedStatement.java:116)
1. select count(*) as y0_ from contact_status this_  
2015-12-27 23:40:06,862 DEBUG  [GenericHibernateDao] The entity com.thalasoft.learnintouch.data.dao.domain.ContactStatus was deleted fine. 
2015-12-27 23:40:06,865 DEBUG  [sqlonly]  com.mchange.v2.c3p0.impl.NewProxyPreparedStatement.executeUpdate(NewProxyPreparedStatement.java:147)
1. delete from contact_status where id=256 and version=0  
2015-12-27 23:40:06,872 DEBUG  [sqlonly]  com.mchange.v2.c3p0.impl.NewProxyPreparedStatement.executeQuery(NewProxyPreparedStatement.java:116)
1. select count(*) as y0_ from contact_status this_  
2015-12-27 23:40:06,881 DEBUG  [sqlonly]  com.mchange.v2.c3p0.impl.NewProxyPreparedStatement.executeUpdate(NewProxyPreparedStatement.java:147)
1. insert into contact (version, email, message, contact_datetime, garbage, contact_status_id) 
values (0, 'email', 'message', '12/27/2015 23:40:06.876', 0, 255)  
2015-12-27 23:40:06,887 DEBUG  [GenericHibernateDao] The entity com.thalasoft.learnintouch.data.dao.domain.ContactStatus was deleted fine. 
2015-12-27 23:40:06,891 DEBUG  [sqlonly]  com.mchange.v2.c3p0.impl.NewProxyPreparedStatement.executeUpdate(NewProxyPreparedStatement.java:147)
1. delete from contact_status where id=255 and version=0  
2015-12-27 23:40:06,893 ERROR  [sqlonly]  com.mchange.v2.c3p0.impl.NewProxyPreparedStatement.executeUpdate(NewProxyPreparedStatement.java:147)
1. delete from contact_status where id=255 and version=0 
com.mysql.jdbc.exceptions.jdbc4.MySQLIntegrityConstraintViolationException: Cannot delete or update a parent row: a foreign key constraint fails (`db_integration`.`contact`, CONSTRAINT `contact_ibfk_1` FOREIGN KEY (`contact_status_id`) REFERENCES `contact_status` (`id`))
	at sun.reflect.NativeConstructorAccessorImpl.newInstance0(Native Method)
	at sun.reflect.NativeConstructorAccessorImpl.newInstance(NativeConstructorAccessorImpl.java:62)
	at sun.reflect.DelegatingConstructorAccessorImpl.newInstance(DelegatingConstructorAccessorImpl.java:45)
	at java.lang.reflect.Constructor.newInstance(Constructor.java:422)
	at com.mysql.jdbc.Util.handleNewInstance(Util.java:408)
	at com.mysql.jdbc.Util.getInstance(Util.java:383)
	at com.mysql.jdbc.SQLError.createSQLException(SQLError.java:1049)
	at com.mysql.jdbc.MysqlIO.checkErrorPacket(MysqlIO.java:4226)
	at com.mysql.jdbc.MysqlIO.checkErrorPacket(MysqlIO.java:4158)
	at com.mysql.jdbc.MysqlIO.sendCommand(MysqlIO.java:2615)
	at com.mysql.jdbc.MysqlIO.sqlQueryDirect(MysqlIO.java:2776)
	at com.mysql.jdbc.ConnectionImpl.execSQL(ConnectionImpl.java:2840)
	at com.mysql.jdbc.PreparedStatement.executeInternal(PreparedStatement.java:2082)
	at com.mysql.jdbc.PreparedStatement.executeUpdate(PreparedStatement.java:2334)
	at com.mysql.jdbc.PreparedStatement.executeUpdate(PreparedStatement.java:2262)
	at com.mysql.jdbc.PreparedStatement.executeUpdate(PreparedStatement.java:2246)
	at net.sf.log4jdbc.PreparedStatementSpy.executeUpdate(PreparedStatementSpy.java:1022)
	at com.mchange.v2.c3p0.impl.NewProxyPreparedStatement.executeUpdate(NewProxyPreparedStatement.java:147)
	at org.hibernate.engine.jdbc.internal.ResultSetReturnImpl.executeUpdate(ResultSetReturnImpl.java:208)
	at org.hibernate.persister.entity.AbstractEntityPersister.delete(AbstractEntityPersister.java:3403)
	at org.hibernate.persister.entity.AbstractEntityPersister.delete(AbstractEntityPersister.java:3630)
	at org.hibernate.action.internal.EntityDeleteAction.execute(EntityDeleteAction.java:114)
	at org.hibernate.engine.spi.ActionQueue.executeActions(ActionQueue.java:463)
	at org.hibernate.engine.spi.ActionQueue.executeActions(ActionQueue.java:349)
	at org.hibernate.event.internal.AbstractFlushingEventListener.performExecutions(AbstractFlushingEventListener.java:350)
	at org.hibernate.event.internal.DefaultFlushEventListener.onFlush(DefaultFlushEventListener.java:56)
	at org.hibernate.internal.SessionImpl.flush(SessionImpl.java:1222)
	at com.thalasoft.learnintouch.data.dao.hibernate.GenericHibernateDao.flush(GenericHibernateDao.java:131)
	at sun.reflect.NativeMethodAccessorImpl.invoke0(Native Method)
	at sun.reflect.NativeMethodAccessorImpl.invoke(NativeMethodAccessorImpl.java:62)
	at sun.reflect.DelegatingMethodAccessorImpl.invoke(DelegatingMethodAccessorImpl.java:43)
	at java.lang.reflect.Method.invoke(Method.java:497)
	at org.springframework.aop.support.AopUtils.invokeJoinpointUsingReflection(AopUtils.java:317)
	at org.springframework.aop.framework.ReflectiveMethodInvocation.invokeJoinpoint(ReflectiveMethodInvocation.java:190)
	at org.springframework.aop.framework.ReflectiveMethodInvocation.proceed(ReflectiveMethodInvocation.java:157)
	at org.springframework.dao.support.PersistenceExceptionTranslationInterceptor.invoke(PersistenceExceptionTranslationInterceptor.java:136)
	at org.springframework.aop.framework.ReflectiveMethodInvocation.proceed(ReflectiveMethodInvocation.java:179)
	at org.springframework.transaction.interceptor.TransactionInterceptor$1.proceedWithInvocation(TransactionInterceptor.java:98)
	at org.springframework.transaction.interceptor.TransactionAspectSupport.invokeWithinTransaction(TransactionAspectSupport.java:266)
	at org.springframework.transaction.interceptor.TransactionInterceptor.invoke(TransactionInterceptor.java:95)
	at org.springframework.aop.framework.ReflectiveMethodInvocation.proceed(ReflectiveMethodInvocation.java:179)
	at org.springframework.aop.framework.JdkDynamicAopProxy.invoke(JdkDynamicAopProxy.java:207)
	at com.sun.proxy.$Proxy26.flush(Unknown Source)
	at com.thalasoft.learnintouch.data.dao.ContactStatusDaoTest.testDelete(ContactStatusDaoTest.java:162)
	at sun.reflect.NativeMethodAccessorImpl.invoke0(Native Method)
	at sun.reflect.NativeMethodAccessorImpl.invoke(NativeMethodAccessorImpl.java:62)
	at sun.reflect.DelegatingMethodAccessorImpl.invoke(DelegatingMethodAccessorImpl.java:43)
	at java.lang.reflect.Method.invoke(Method.java:497)
	at org.junit.runners.model.FrameworkMethod$1.runReflectiveCall(FrameworkMethod.java:45)
	at org.junit.internal.runners.model.ReflectiveCallable.run(ReflectiveCallable.java:15)
	at org.junit.runners.model.FrameworkMethod.invokeExplosively(FrameworkMethod.java:42)
	at org.junit.internal.runners.statements.InvokeMethod.evaluate(InvokeMethod.java:20)
	at org.junit.internal.runners.statements.RunBefores.evaluate(RunBefores.java:28)
	at org.springframework.test.context.junit4.statements.RunBeforeTestMethodCallbacks.evaluate(RunBeforeTestMethodCallbacks.java:72)
	at org.springframework.test.context.junit4.statements.RunAfterTestMethodCallbacks.evaluate(RunAfterTestMethodCallbacks.java:81)
	at org.springframework.test.context.junit4.statements.SpringRepeat.evaluate(SpringRepeat.java:72)
	at org.junit.runners.ParentRunner.runLeaf(ParentRunner.java:263)
	at org.springframework.test.context.junit4.SpringJUnit4ClassRunner.runChild(SpringJUnit4ClassRunner.java:216)
	at org.springframework.test.context.junit4.SpringJUnit4ClassRunner.runChild(SpringJUnit4ClassRunner.java:82)
	at org.junit.runners.ParentRunner$3.run(ParentRunner.java:231)
	at org.junit.runners.ParentRunner$1.schedule(ParentRunner.java:60)
	at org.junit.runners.ParentRunner.runChildren(ParentRunner.java:229)
	at org.junit.runners.ParentRunner.access$000(ParentRunner.java:50)
	at org.junit.runners.ParentRunner$2.evaluate(ParentRunner.java:222)
	at org.springframework.test.context.junit4.statements.RunBeforeTestClassCallbacks.evaluate(RunBeforeTestClassCallbacks.java:60)
	at org.springframework.test.context.junit4.statements.RunAfterTestClassCallbacks.evaluate(RunAfterTestClassCallbacks.java:67)
	at org.junit.runners.ParentRunner.run(ParentRunner.java:300)
	at org.springframework.test.context.junit4.SpringJUnit4ClassRunner.run(SpringJUnit4ClassRunner.java:162)
	at org.apache.maven.surefire.junit4.JUnit4Provider.execute(JUnit4Provider.java:264)
	at org.apache.maven.surefire.junit4.JUnit4Provider.executeTestSet(JUnit4Provider.java:153)
	at org.apache.maven.surefire.junit4.JUnit4Provider.invoke(JUnit4Provider.java:124)
	at org.apache.maven.surefire.booter.ForkedBooter.invokeProviderInSameClassLoader(ForkedBooter.java:200)
	at org.apache.maven.surefire.booter.ForkedBooter.runSuitesInProcess(ForkedBooter.java:153)
	at org.apache.maven.surefire.booter.ForkedBooter.main(ForkedBooter.java:103)
2015-12-27 23:40:06,910 DEBUG  [sqlonly]  com.mchange.v2.c3p0.impl.NewProxyPreparedStatement.executeQuery(NewProxyPreparedStatement.java:116)
1. select count(*) as y0_ from contact_status this_  
2015-12-27 23:40:06,915 DEBUG  [GenericHibernateDao] The entity com.thalasoft.learnintouch.data.dao.domain.ContactStatus was deleted fine. 
2015-12-27 23:40:06,922 DEBUG  [sqlonly]  com.mchange.v2.c3p0.impl.NewProxyPreparedStatement.executeUpdate(NewProxyPreparedStatement.java:147)
1. update contact set version=1, firstname=NULL, lastname=NULL, email='email', organisation=NULL, 
telephone=NULL, subject=NULL, message='message', contact_datetime='12/27/2015 23:40:06.876', 
garbage=0, contact_referer_id=NULL, contact_status_id=NULL where id=377 and version=0  
2015-12-27 23:40:06,927 DEBUG  [sqlonly]  com.mchange.v2.c3p0.impl.NewProxyPreparedStatement.executeUpdate(NewProxyPreparedStatement.java:147)
1. delete from contact_status where id=255 and version=0  
2015-12-27 23:40:07,173 DEBUG  [sqlonly]  com.mchange.v2.c3p0.impl.NewProxyPreparedStatement.executeQuery(NewProxyPreparedStatement.java:116)
1. select count(*) as y0_ from contact_status this_  
2015-12-27 23:40:07,202 DEBUG  [sqlonly]  com.mchange.v2.c3p0.impl.NewProxyPreparedStatement.executeUpdate(NewProxyPreparedStatement.java:147)
1. insert into contact_status (version, list_order, name, description) values (0, 2, 'read', 'The 
contact message has been read.')  
2015-12-27 23:40:07,209 DEBUG  [sqlonly]  com.mchange.v2.c3p0.impl.NewProxyPreparedStatement.executeUpdate(NewProxyPreparedStatement.java:147)
1. insert into contact_status (version, list_order, name, description) values (0, 1, 'received', 
'The contact message has been received.')  
2015-12-27 23:40:07,216 DEBUG  [sqlonly]  com.mchange.v2.c3p0.impl.NewProxyPreparedStatement.executeQuery(NewProxyPreparedStatement.java:116)
1. select this_.id as id1_7_0_, this_.version as version2_7_0_, this_.list_order as list_ord3_7_0_, 
this_.name as name4_7_0_, this_.description as descript5_7_0_ from contact_status this_ where 
this_.list_order=1 limit 1  
2015-12-27 23:40:07,222 DEBUG  [sqlonly]  com.mchange.v2.c3p0.impl.NewProxyPreparedStatement.executeQuery(NewProxyPreparedStatement.java:116)
1. select this_.id as id1_7_0_, this_.version as version2_7_0_, this_.list_order as list_ord3_7_0_, 
this_.name as name4_7_0_, this_.description as descript5_7_0_ from contact_status this_ where 
this_.list_order=2 limit 1  
2015-12-27 23:40:07,251 DEBUG  [sqlonly]  com.mchange.v2.c3p0.impl.NewProxyPreparedStatement.executeUpdate(NewProxyPreparedStatement.java:147)
1. insert into contact_status (version, list_order, name, description) values (0, 2, 'read', 'The 
contact message has been read.')  
2015-12-27 23:40:07,258 DEBUG  [sqlonly]  com.mchange.v2.c3p0.impl.NewProxyPreparedStatement.executeUpdate(NewProxyPreparedStatement.java:147)
1. insert into contact_status (version, list_order, name, description) values (0, 1, 'received', 
'The contact message has been received.')  
2015-12-27 23:40:07,278 DEBUG  [sqlonly]  com.mchange.v2.c3p0.impl.NewProxyPreparedStatement.executeQuery(NewProxyPreparedStatement.java:116)
1. select count(distinct contactsta0_.id) as col_0_0_ from contact_status contactsta0_ cross join 
contact_status contactsta1_ where contactsta0_.id<>contactsta1_.id and contactsta0_.list_order=contactsta1_.list_order 
 
2015-12-27 23:40:07,287 DEBUG  [sqlonly]  com.mchange.v2.c3p0.impl.NewProxyPreparedStatement.executeUpdate(NewProxyPreparedStatement.java:147)
1. update contact_status set version=1, list_order=1 where id=259 and version=0  
2015-12-27 23:40:07,291 DEBUG  [sqlonly]  com.mchange.v2.c3p0.impl.NewProxyPreparedStatement.executeQuery(NewProxyPreparedStatement.java:116)
1. select count(distinct contactsta0_.id) as col_0_0_ from contact_status contactsta0_ cross join 
contact_status contactsta1_ where contactsta0_.id<>contactsta1_.id and contactsta0_.list_order=contactsta1_.list_order 
 
2015-12-27 23:40:07,350 DEBUG  [sqlonly]  com.mchange.v2.c3p0.impl.NewProxyPreparedStatement.executeUpdate(NewProxyPreparedStatement.java:147)
1. insert into admin (version, login, password, password_salt, firstname, lastname, email, super_admin, 
preference_admin) values (0, 'stephane', 'toto', '', 'Stephane', 'Eybert', 'mitt@yahoo.se', 
0, 0)  
2015-12-27 23:40:07,357 DEBUG  [sqlonly]  com.mchange.v2.c3p0.impl.NewProxyPreparedStatement.executeUpdate(NewProxyPreparedStatement.java:147)
1. insert into admin_module (version, module, admin_id) values (0, 'MODULE_ELEARNING', 6575)  
2015-12-27 23:40:07,392 DEBUG  [sqlonly]  com.mchange.v2.c3p0.impl.NewProxyPreparedStatement.executeUpdate(NewProxyPreparedStatement.java:147)
1. insert into admin (version, login, password, password_salt, firstname, lastname, email, super_admin, 
preference_admin) values (0, 'stephane', 'toto', '', 'Stephane', 'Eybert', 'mitt@yahoo.se', 
0, 0)  
2015-12-27 23:40:07,409 DEBUG  [sqlonly]  com.mchange.v2.c3p0.impl.NewProxyPreparedStatement.executeUpdate(NewProxyPreparedStatement.java:147)
1. insert into admin_module (version, module, admin_id) values (0, 'MODULE_ELEARNING', 6576)  
2015-12-27 23:40:07,418 DEBUG  [sqlonly]  com.mchange.v2.c3p0.impl.NewProxyPreparedStatement.executeQuery(NewProxyPreparedStatement.java:116)
1. select this_.id as id1_2_0_, this_.version as version2_2_0_, this_.module as module3_2_0_, 
this_.admin_id as admin_id4_2_0_ from admin_module this_ where this_.module='MODULE_ELEARNING' 
 
2015-12-27 23:40:09,570 DEBUG  [sqlonly]  com.mchange.v2.c3p0.impl.NewProxyPreparedStatement.executeUpdate(NewProxyPreparedStatement.java:147)
1. insert into admin (version, login, password, password_salt, firstname, lastname, email, super_admin, 
preference_admin) values (0, 'stephane', 'toto', '', 'Stephane', 'Eybert', 'mitt@yahoo.se', 
0, 0)  
2015-12-27 23:40:09,578 DEBUG  [sqlonly]  com.mchange.v2.c3p0.impl.NewProxyPreparedStatement.executeUpdate(NewProxyPreparedStatement.java:147)
1. insert into admin_module (version, module, admin_id) values (0, 'MODULE_ELEARNING', 6577)  
2015-12-27 23:40:09,585 DEBUG  [sqlonly]  com.mchange.v2.c3p0.impl.NewProxyPreparedStatement.executeQuery(NewProxyPreparedStatement.java:116)
1. select this_.id as id1_2_0_, this_.version as version2_2_0_, this_.module as module3_2_0_, 
this_.admin_id as admin_id4_2_0_ from admin_module this_ where this_.module='MODULE_ELEARNING' 
and this_.admin_id=6577  
2015-12-27 23:40:10,196 DEBUG  [sqlonly]  com.mchange.v2.c3p0.impl.NewProxyPreparedStatement.executeUpdate(NewProxyPreparedStatement.java:147)
1. insert into admin (version, login, password, password_salt, firstname, lastname, email, super_admin, 
preference_admin) values (0, 'stephane', 'toto', '', 'Stephane', 'Eybert', 'mitt@yahoo.se', 
0, 0)  
2015-12-27 23:40:10,204 DEBUG  [sqlonly]  com.mchange.v2.c3p0.impl.NewProxyPreparedStatement.executeUpdate(NewProxyPreparedStatement.java:147)
1. insert into admin_module (version, module, admin_id) values (0, 'MODULE_ELEARNING', 6578)  
2015-12-27 23:40:10,211 DEBUG  [sqlonly]  com.mchange.v2.c3p0.impl.NewProxyPreparedStatement.executeQuery(NewProxyPreparedStatement.java:116)
1. select this_.id as id1_2_0_, this_.version as version2_2_0_, this_.module as module3_2_0_, 
this_.admin_id as admin_id4_2_0_ from admin_module this_ where this_.module='MODULE_ELEARNING' 
 
